Thu 07 Sep 2023 06:57:48 PM UTC: 
 tests:  0|6
total_score: 0/70
5296214
Thu 07 Sep 2023 07:12:44 PM UTC: 
 hashmap.c | 22 ++++++++++++++++++----
 1 file changed, 18 insertions(+), 4 deletions(-)
In file included from test.c:4:
hashmap.c: In function ‘createMap’:
hashmap.c:60:21: error: ‘Node’ undeclared (first use in this function)
   60 |     map->buckets = (Node **)malloc(sizeof(Node *) * capacity);
      |                     ^~~~
hashmap.c:60:21: note: each undeclared identifier is reported only once for each function it appears in
hashmap.c:60:28: error: expected expression before ‘)’ token
   60 |     map->buckets = (Node **)malloc(sizeof(Node *) * capacity);
      |                            ^
Compilation failed
d2227ce
Thu 07 Sep 2023 07:14:46 PM UTC: 
 hashmap.c | 2 +-
 1 file changed, 1 insertion(+), 1 deletion(-)
 tests:  0|6
total_score: 0/70
dca32b3
Thu 07 Sep 2023 07:15:58 PM UTC: 
 hashmap.c | 1 +
 1 file changed, 1 insertion(+)
 tests:  1|5
total_score: 10/70
daa5726
Thu 07 Sep 2023 07:28:47 PM UTC: 
 hashmap.c | 2 +-
 1 file changed, 1 insertion(+), 1 deletion(-)
In file included from test.c:4:
hashmap.c: In function ‘insertMap’:
hashmap.c:43:19: error: unused variable ‘index’ [-Werror=unused-variable]
   43 |     unsigned long index = hash(key,map->capacity);
      |                   ^~~~~
cc1: all warnings being treated as errors
Compilation failed
b02d803
Thu 07 Sep 2023 07:41:57 PM UTC: 
 hashmap.c | 5 ++++-
 1 file changed, 4 insertions(+), 1 deletion(-)
In file included from test.c:4:
hashmap.c: In function ‘insertMap’:
hashmap.c:44:71: error: comparison between pointer and integer [-Werror]
   44 |     if (map->buckets[position] == NULL || map->buckets[position]->key == -1){
      |                                                                       ^~
hashmap.c:45:15: error: unused variable ‘newPair’ [-Werror=unused-variable]
   45 |         Pair *newPair = createPair(key,value);
      |               ^~~~~~~
cc1: all warnings being treated as errors
Compilation failed
6522f00
Thu 07 Sep 2023 07:42:08 PM UTC: 
 hashmap.c | 2 +-
 1 file changed, 1 insertion(+), 1 deletion(-)
In file included from test.c:4:
hashmap.c: In function ‘insertMap’:
hashmap.c:45:15: error: unused variable ‘newPair’ [-Werror=unused-variable]
   45 |         Pair *newPair = createPair(key,value);
      |               ^~~~~~~
cc1: all warnings being treated as errors
Compilation failed
c9c564e
Thu 07 Sep 2023 07:45:32 PM UTC: 
 hashmap.c | 5 ++++-
 1 file changed, 4 insertions(+), 1 deletion(-)
In file included from test.c:4:
hashmap.c: In function ‘insertMap’:
hashmap.c:46:16: error: ‘HashMap’ {aka ‘struct HashMap’} has no member named ‘data’
   46 |         newElem->data = data;
      |                ^~
hashmap.c:46:25: error: ‘data’ undeclared (first use in this function)
   46 |         newElem->data = data;
      |                         ^~~~
hashmap.c:46:25: note: each undeclared identifier is reported only once for each function it appears in
hashmap.c:47:16: error: ‘HashMap’ {aka ‘struct HashMap’} has no member named ‘key’
   47 |         newElem->key = key;
      |                ^~
hashmap.c:48:32: error: assignment to ‘Pair *’ from incompatible pointer type ‘HashMap *’ {aka ‘struct HashMap *’} [-Werror=incompatible-pointer-types]
   48 |         map->buckets[position] = newElem;
      |                                ^
cc1: all warnings being treated as errors
Compilation failed
8b7cb64
Thu 07 Sep 2023 07:46:15 PM UTC: 
 hashmap.c | 4 ++--
 1 file changed, 2 insertions(+), 2 deletions(-)
 tests:  1|5
total_score: 10/70
62bea44
Thu 07 Sep 2023 11:14:00 PM UTC: 
 hashmap.c | 1 +
 1 file changed, 1 insertion(+)
 tests:  2|5
total_score: 20/70
908d90b
Thu 07 Sep 2023 11:34:15 PM UTC: 
 hashmap.c | 23 ++++++++++++++++++-----
 1 file changed, 18 insertions(+), 5 deletions(-)
In file included from test.c:4:
hashmap.c: In function ‘insertMap’:
hashmap.c:62:16: error: ‘Pair’ has no member named ‘next’
   62 |         newElem->next = map->buckets[position]->next;
      |                ^~
hashmap.c:62:47: error: ‘Pair’ has no member named ‘next’
   62 |         newElem->next = map->buckets[position]->next;
      |                                               ^~
hashmap.c:63:31: error: ‘Pair’ has no member named ‘next’
   63 |         map->buckets[position]->next = newElem;
      |                               ^~
Compilation failed
e47063c
Thu 07 Sep 2023 11:34:30 PM UTC: 
 hashmap.c | 23 +++++------------------
 1 file changed, 5 insertions(+), 18 deletions(-)
 tests:  2|5
total_score: 20/70
e3642c6
Thu 07 Sep 2023 11:36:55 PM UTC: 
 hashmap.c | 5 +++++
 1 file changed, 5 insertions(+)
 tests:  2|5
total_score: 20/70
96d8d42
Thu 07 Sep 2023 11:45:33 PM UTC: 
 hashmap.c | 14 ++++++++------
 1 file changed, 8 insertions(+), 6 deletions(-)
In file included from test.c:4:
hashmap.c: In function ‘insertMap’:
hashmap.c:53:5: error: expected ‘}’ before ‘else’
   53 |     else{
      |     ^~~~
hashmap.c:54:16: error: ‘Pair’ has no member named ‘next’
   54 |         newElem->next = map->buckets[position]->next;
      |                ^~
hashmap.c:54:47: error: ‘Pair’ has no member named ‘next’
   54 |         newElem->next = map->buckets[position]->next;
      |                                               ^~
hashmap.c:55:31: error: ‘Pair’ has no member named ‘next’
   55 |         map->buckets[position]->next = newElem;
      |                               ^~
Compilation failed
fcd60cd
Thu 07 Sep 2023 11:45:50 PM UTC: 
 hashmap.c | 1 +
 1 file changed, 1 insertion(+)
In file included from test.c:4:
hashmap.c: In function ‘insertMap’:
hashmap.c:55:16: error: ‘Pair’ has no member named ‘next’
   55 |         newElem->next = map->buckets[position]->next;
      |                ^~
hashmap.c:55:47: error: ‘Pair’ has no member named ‘next’
   55 |         newElem->next = map->buckets[position]->next;
      |                                               ^~
hashmap.c:56:31: error: ‘Pair’ has no member named ‘next’
   56 |         map->buckets[position]->next = newElem;
      |                               ^~
Compilation failed
623b669
Thu 07 Sep 2023 11:49:19 PM UTC: 
 hashmap.c | 21 +++++++++++++--------
 1 file changed, 13 insertions(+), 8 deletions(-)
In file included from test.c:4:
hashmap.c: In function ‘insertMap’:
hashmap.c:55:23: error: ‘Pair’ has no member named ‘next’
   55 |         while (current->next != NULL && !is_equal(current->key, key)) {
      |                       ^~
hashmap.c:56:30: error: ‘Pair’ has no member named ‘next’
   56 |             current = current->next;
      |                              ^~
hashmap.c:61:20: error: ‘Pair’ has no member named ‘next’
   61 |             current->next = newElem;
      |                    ^~
Compilation failed
8bdd7bc
Thu 07 Sep 2023 11:58:51 PM UTC: 
 hashmap.c | 38 +++++++++++++++++++++++---------------
 1 file changed, 23 insertions(+), 15 deletions(-)
In file included from test.c:4:
hashmap.c: In function ‘insertMap’:
hashmap.c:60:25: error: ‘original_position’ undeclared (first use in this function)
   60 |         if (position == original_position) {
      |                         ^~~~~~~~~~~~~~~~~
hashmap.c:60:25: note: each undeclared identifier is reported only once for each function it appears in
hashmap.c:45:19: error: unused variable ‘orPosition’ [-Werror=unused-variable]
   45 |     unsigned long orPosition = position;
      |                   ^~~~~~~~~~
cc1: all warnings being treated as errors
Compilation failed
f9634af
Thu 07 Sep 2023 11:59:12 PM UTC: 
 hashmap.c | 2 +-
 1 file changed, 1 insertion(+), 1 deletion(-)
 tests:  5|4
total_score: 30/70
1c299c1
Thu 07 Sep 2023 11:59:38 PM UTC: 
 hashmap.c | 3 +--
 1 file changed, 1 insertion(+), 2 deletions(-)
In file included from test.c:4:
hashmap.c: In function ‘insertMap’:
hashmap.c:60:1: error: statement with no effect [-Werror=unused-value]
   60 | key);
      | ^~~
hashmap.c:60:4: error: expected ‘;’ before ‘)’ token
   60 | key);
      |    ^
      |    ;
hashmap.c:60:4: error: expected statement before ‘)’ token
cc1: all warnings being treated as errors
Compilation failed
5734416
Thu 07 Sep 2023 11:59:59 PM UTC: 
 hashmap.c | 1 -
 1 file changed, 1 deletion(-)
 tests:  5|4
total_score: 30/70
7b89a04
Fri 08 Sep 2023 12:01:06 AM UTC: 
 hashmap.c | 6 ++----
 1 file changed, 2 insertions(+), 4 deletions(-)
 tests:  5|4
total_score: 30/70
23c7e07
Fri 08 Sep 2023 12:01:43 AM UTC: 
 hashmap.c | 12 ++----------
 1 file changed, 2 insertions(+), 10 deletions(-)
 tests:  5|4
total_score: 30/70
9976db1
Fri 08 Sep 2023 12:28:12 AM UTC: 
 hashmap.c | 13 +++++++++++++
 1 file changed, 13 insertions(+)
In file included from test.c:4:
hashmap.c: In function ‘searchMap’:
hashmap.c:109:25: error: ‘original_position’ undeclared (first use in this function)
  109 |         if (position == original_position)return NULL;
      |                         ^~~~~~~~~~~~~~~~~
hashmap.c:109:25: note: each undeclared identifier is reported only once for each function it appears in
hashmap.c:99:19: error: unused variable ‘orPosition’ [-Werror=unused-variable]
   99 |     unsigned long orPosition = position;
      |                   ^~~~~~~~~~
cc1: all warnings being treated as errors
Compilation failed
7982d77
Fri 08 Sep 2023 12:28:26 AM UTC: 
 hashmap.c | 2 +-
 1 file changed, 1 insertion(+), 1 deletion(-)
In file included from test.c:4:
hashmap.c: In function ‘searchMap’:
hashmap.c:109:25: error: ‘orPositionosition’ undeclared (first use in this function)
  109 |         if (position == orPositionosition)return NULL;
      |                         ^~~~~~~~~~~~~~~~~
hashmap.c:109:25: note: each undeclared identifier is reported only once for each function it appears in
hashmap.c:99:19: error: unused variable ‘orPosition’ [-Werror=unused-variable]
   99 |     unsigned long orPosition = position;
      |                   ^~~~~~~~~~
cc1: all warnings being treated as errors
Compilation failed
ddf0343
Fri 08 Sep 2023 12:28:41 AM UTC: 
 hashmap.c | 2 +-
 1 file changed, 1 insertion(+), 1 deletion(-)
 tests:  8|3
total_score: 40/70
68f2b3e
Sat 09 Sep 2023 01:18:00 AM UTC: 
 hashmap.c | 7 +++++--
 1 file changed, 5 insertions(+), 2 deletions(-)
 tests:  11|2
total_score: 50/70
31917a0
Sat 09 Sep 2023 01:19:29 AM UTC: 
 hashmap.c | 2 +-
 1 file changed, 1 insertion(+), 1 deletion(-)
In file included from test.c:4:
hashmap.c: In function ‘searchMap’:
hashmap.c:113:5: error: expected ‘;’ before ‘}’ token
  113 |     }
      |     ^
Compilation failed
fe83e8b
Sat 09 Sep 2023 01:19:38 AM UTC: 
 hashmap.c | 2 +-
 1 file changed, 1 insertion(+), 1 deletion(-)
 tests:  11|2
total_score: 50/70
d99bbf3
Sat 09 Sep 2023 01:22:50 AM UTC: 
 hashmap.c | 3 +--
 1 file changed, 1 insertion(+), 2 deletions(-)
In file included from test.c:4:
hashmap.c: In function ‘firstMap’:
hashmap.c:118:5: error: expected declaration specifiers before ‘return’
  118 |     return NULL;
      |     ^~~~~~
hashmap.c:119:1: error: expected declaration specifiers before ‘}’ token
  119 | }
      | ^
hashmap.c:121:31: error: expected ‘=’, ‘,’, ‘;’, ‘asm’ or ‘__attribute__’ before ‘{’ token
  121 | Pair * nextMap(HashMap * map) {
      |                               ^
test.c:8:34: error: expected ‘=’, ‘,’, ‘;’, ‘asm’ or ‘__attribute__’ before ‘{’ token
    8 | char * _strdup(const char * str) {
      |                                  ^
test.c:15:1: error: parameter ‘test_id’ is initialized
   15 | int test_id = -1;
      | ^~~
test.c:18:14: error: expected ‘=’, ‘,’, ‘;’, ‘asm’ or ‘__attribute__’ before ‘{’ token
   18 | int success(){
      |              ^
test.c:23:24: error: expected ‘=’, ‘,’, ‘;’, ‘asm’ or ‘__attribute__’ before ‘{’ token
   23 | void err_msg(char* msg){
      |                        ^
test.c:30:23: error: expected ‘=’, ‘,’, ‘;’, ‘asm’ or ‘__attribute__’ before ‘{’ token
   30 | void ok_msg(char* msg){
      |                       ^
test.c:36:25: error: expected ‘=’, ‘,’, ‘;’, ‘asm’ or ‘__attribute__’ before ‘{’ token
   36 | void info_msg(char* msg){
      |                         ^
test.c:41:25: error: expected ‘=’, ‘,’, ‘;’, ‘asm’ or ‘__attribute__’ before ‘{’ token
   41 | HashMap* initializeMap(){
      |                         ^
test.c:64:22: error: expected ‘=’, ‘,’, ‘;’, ‘asm’ or ‘__attribute__’ before ‘{’ token
   64 | int createMap_test1(){ //Retorna el mapa
      |                      ^
test.c:75:22: error: expected ‘=’, ‘,’, ‘;’, ‘asm’ or ‘__attribute__’ before ‘{’ token
   75 | int createMap_test2(){ //Buckets nulos
      |                      ^
test.c:83:22: error: expected ‘=’, ‘,’, ‘;’, ‘asm’ or ‘__attribute__’ before ‘{’ token
   83 | int createMap_test3(){ //variables
      |                      ^
test.c:100:18: error: expected ‘=’, ‘,’, ‘;’, ‘asm’ or ‘__attribute__’ before ‘{’ token
  100 | void hash_test1(){ // posición válida
      |                  ^
test.c:111:18: error: expected ‘=’, ‘,’, ‘;’, ‘asm’ or ‘__attribute__’ before ‘{’ token
  111 | void hash_test2(){ // colisiones
      |                  ^
test.c:125:18: error: expected ‘=’, ‘,’, ‘;’, ‘asm’ or ‘__attribute__’ before ‘{’ token
  125 | void hash_test3(){ //no random
      |                  ^
test.c:131:20: error: expected ‘=’, ‘,’, ‘;’, ‘asm’ or ‘__attribute__’ before ‘{’ token
  131 | void compare_test(){
      |                    ^
test.c:138:19: error: expected ‘=’, ‘,’, ‘;’, ‘asm’ or ‘__attribute__’ before ‘{’ token
  138 | int insert_test1(){ //elemento con hash=3
      |                   ^
test.c:168:19: error: expected ‘=’, ‘,’, ‘;’, ‘asm’ or ‘__attribute__’ before ‘{’ token
  168 | int insert_test2(){ //no se agregan repetidos
      |                   ^
test.c:179:19: error: expected ‘=’, ‘,’, ‘;’, ‘asm’ or ‘__attribute__’ before ‘{’ token
  179 | int insert_test3(){ //colisión
      |                   ^
test.c:192:19: error: expected ‘=’, ‘,’, ‘;’, ‘asm’ or ‘__attribute__’ before ‘{’ token
  192 | int insert_test4(){ //colisión
      |                   ^
test.c:217:19: error: expected ‘=’, ‘,’, ‘;’, ‘asm’ or ‘__attribute__’ before ‘{’ token
  217 | int insert_test5(){ //factor de carga>0.7, se llama a función enlarge
      |                   ^
test.c:233:19: error: expected ‘=’, ‘,’, ‘;’, ‘asm’ or ‘__attribute__’ before ‘{’ token
  233 | int search_test1(){ //busqueda de elemento insertado
      |                   ^
test.c:256:19: error: expected ‘=’, ‘,’, ‘;’, ‘asm’ or ‘__attribute__’ before ‘{’ token
  256 | int search_test2(){ //busqueda de elemento colisionado
      |                   ^
test.c:276:19: error: expected ‘=’, ‘,’, ‘;’, ‘asm’ or ‘__attribute__’ before ‘{’ token
  276 | int search_test3(){ //busqueda de elemento que no existe
      |                   ^
test.c:289:18: error: expected ‘=’, ‘,’, ‘;’, ‘asm’ or ‘__attribute__’ before ‘{’ token
  289 | int erase_test1(){  //elimina dato
      |                  ^
test.c:314:18: error: expected ‘=’, ‘,’, ‘;’, ‘asm’ or ‘__attribute__’ before ‘{’ token
  314 | int erase_test2(){  //elimina dato colisionado
      |                  ^
test.c:330:18: error: expected ‘=’, ‘,’, ‘;’, ‘asm’ or ‘__attribute__’ before ‘{’ token
  330 | int erase_test3(){  //elimina dato que no existe
      |                  ^
test.c:345:17: error: expected ‘=’, ‘,’, ‘;’, ‘asm’ or ‘__attribute__’ before ‘{’ token
  345 | int first_test(){
      |                 ^
test.c:389:16: error: expected ‘=’, ‘,’, ‘;’, ‘asm’ or ‘__attribute__’ before ‘{’ token
  389 | int next_test(){
      |                ^
test.c:425:19: error: expected ‘=’, ‘,’, ‘;’, ‘asm’ or ‘__attribute__’ before ‘{’ token
  425 | int enlarge_test(){
      |                   ^
test.c:453:36: error: expected ‘=’, ‘,’, ‘;’, ‘asm’ or ‘__attribute__’ before ‘{’ token
  453 | int main( int argc, char *argv[] ) {
      |                                    ^
In file included from test.c:4:
hashmap.c:117:8: error: old-style parameter declarations in prototyped function definition
  117 | Pair * firstMap(HashMap * map)
      |        ^~~~~~~~
test.c:512: error: expected ‘{’ at end of input
test.c:512: error: control reaches end of non-void function [-Werror=return-type]
cc1: all warnings being treated as errors
Compilation failed
44b2095
Sat 09 Sep 2023 01:23:02 AM UTC: 
 hashmap.c | 2 +-
 1 file changed, 1 insertion(+), 1 deletion(-)
 tests:  11|2
total_score: 50/70
641b071
Sat 09 Sep 2023 01:26:14 AM UTC: 
 hashmap.c | 6 ++++++
 1 file changed, 6 insertions(+)
 tests:  12|2
total_score: 50/70
d4a9779
Sat 09 Sep 2023 01:26:46 AM UTC: 
 hashmap.c | 2 +-
 1 file changed, 1 insertion(+), 1 deletion(-)
 tests:  13|2
total_score: 50/70
bad0bd1
Sat 09 Sep 2023 01:30:56 AM UTC: 
 hashmap.c | 11 ++++++++++-
 1 file changed, 10 insertions(+), 1 deletion(-)
test.c: In function ‘nextMap’:
test.c:453:5: error: ‘main’ is normally a non-static function [-Werror=main]
  453 | int main( int argc, char *argv[] ) {
      |     ^~~~
test.c:511:1: error: expected declaration or statement at end of input
  511 | }
      | ^
test.c:512: error: control reaches end of non-void function [-Werror=return-type]
At top level:
test.c:453:5: error: ‘main’ defined but not used [-Werror=unused-function]
  453 | int main( int argc, char *argv[] ) {
      |     ^~~~
test.c:217:5: error: ‘insert_test5’ defined but not used [-Werror=unused-function]
  217 | int insert_test5(){ //factor de carga>0.7, se llama a función enlarge
      |     ^~~~~~~~~~~~
test.c:131:6: error: ‘compare_test’ defined but not used [-Werror=unused-function]
  131 | void compare_test(){
      |      ^~~~~~~~~~~~
test.c:125:6: error: ‘hash_test3’ defined but not used [-Werror=unused-function]
  125 | void hash_test3(){ //no random
      |      ^~~~~~~~~~
test.c:111:6: error: ‘hash_test2’ defined but not used [-Werror=unused-function]
  111 | void hash_test2(){ // colisiones
      |      ^~~~~~~~~~
test.c:100:6: error: ‘hash_test1’ defined but not used [-Werror=unused-function]
  100 | void hash_test1(){ // posición válida
      |      ^~~~~~~~~~
cc1: all warnings being treated as errors
Compilation failed
0d225ac
Sat 09 Sep 2023 01:31:23 AM UTC: 
 hashmap.c | 4 +---
 1 file changed, 1 insertion(+), 3 deletions(-)
 tests:  14|2
total_score: 50/70
265e2c7
Sat 09 Sep 2023 01:34:09 AM UTC: 
 hashmap.c | 3 ++-
 1 file changed, 2 insertions(+), 1 deletion(-)
 tests:  15|2
total_score: 50/70
35b76cc
Sat 09 Sep 2023 01:34:54 AM UTC: 
 hashmap.c | 2 ++
 1 file changed, 2 insertions(+)
 tests:  15|2
total_score: 50/70
16c15f6
Sat 09 Sep 2023 01:39:22 AM UTC: 
 hashmap.c | 3 +--
 1 file changed, 1 insertion(+), 2 deletions(-)
 tests:  15|2
total_score: 50/70
cfdb30a
Sat 09 Sep 2023 01:43:07 AM UTC: 
 hashmap.c | 11 ++++++-----
 1 file changed, 6 insertions(+), 5 deletions(-)
 tests:  15|2
total_score: 50/70
f85ca08
Sat 09 Sep 2023 01:48:22 AM UTC: 
 hashmap.c | 21 ++++++++++++++++++++-
 1 file changed, 20 insertions(+), 1 deletion(-)
 tests:  16|1
total_score: 60/70
b70a8c6
Sat 09 Sep 2023 01:56:48 AM UTC: 
 hashmap.c | 8 ++------
 1 file changed, 2 insertions(+), 6 deletions(-)
 tests:  17|0
total_score: 70/70
0ab7d54
